<?xml version="1.0" encoding="UTF-8"?>
<testsuite name="ohtu.verkkokauppa.KauppaTest" tests="7" skipped="0" failures="0" errors="0" timestamp="2021-11-29T21:24:38" hostname="DESKTOP-9IICRFC" time="0.577">
  <properties/>
  <testcase name="aloitaAsiointiNollaa" classname="ohtu.verkkokauppa.KauppaTest" time="0.568"/>
  <testcase name="pyydetaanUusiViiteJokaiseenMaksuun" classname="ohtu.verkkokauppa.KauppaTest" time="0.002"/>
  <testcase name="poistetaanTuote" classname="ohtu.verkkokauppa.KauppaTest" time="0.002"/>
  <testcase name="ostetaanYksiValidiJaYksiLoppunutTuote" classname="ohtu.verkkokauppa.KauppaTest" time="0.001"/>
  <testcase name="ostoksenPaaytyttyaPankinMetodiaTilisiirtoKutsutaan" classname="ohtu.verkkokauppa.KauppaTest" time="0.001"/>
  <testcase name="ostetaanKaksiTuotetta" classname="ohtu.verkkokauppa.KauppaTest" time="0.002"/>
  <testcase name="ostetaanKaksiSamaaTuotetta" classname="ohtu.verkkokauppa.KauppaTest" time="0.001"/>
  <system-out><![CDATA[]]></system-out>
  <system-err><![CDATA[]]></system-err>
</testsuite>
